<?xml version="1.0" encoding="UTF-8"?>
<!-- Generated by org.testng.reporters.JUnitXMLReporter -->
<testsuite ignored="2" hostname="DESKTOP-ADUL7BM" failures="0" tests="4" name="Test" time="0.103" errors="0" timestamp="02 Aug 2024 11:44:55 GMT">
  <testcase classname="com.crm.comcast.contactTest.CreateContactTests" name="CreateContact" time="0.009"/>
  <testcase classname="com.crm.comcast.contactTest.CreateContactTests" name="createContactWithDate" time="0.004"/>
  <testcase classname="com.crm.comcastorgTest.CreateOrgTests" name="CreateOrgTest" time="0.002"/>
  <testcase classname="com.crm.comcastorgTest.CreateOrgTests" name="createOrgwithIndustry" time="0.007"/>
  <testcase classname="com.crm.generic.baseUtility.BaseClass" name="@AfterSuite configAS" time="0.0">
    <ignored/>
  </testcase> <!-- @AfterSuite configAS -->
  <testcase classname="com.crm.generic.baseUtility.BaseClass" name="@BeforeSuite configBS" time="0.0">
    <ignored/>
  </testcase> <!-- @BeforeSuite configBS -->
</testsuite> <!-- Test -->
