<?xml version="1.0" encoding="UTF-8"?>
<testng-results ignored="0" total="1" passed="1" failed="0" skipped="0">
  <reporter-output>
  </reporter-output>
  <suite started-at="2024-08-16T05:18:41Z" name="Default suite" finished-at="2024-08-16T05:18:47Z" duration-ms="5426">
    <groups>
    </groups>
    <test started-at="2024-08-16T05:18:41Z" name="Default test" finished-at="2024-08-16T05:18:47Z" duration-ms="5426">
      <class name="Practice.testng.SampleReportTest">
        <test-method is-config="true" signature="configBS()[pri:0, instance:Practice.testng.SampleReportTest@5c44c582]" started-at="2024-08-16T05:18:41Z" name="configBS" finished-at="2024-08-16T05:18:41Z" duration-ms="459" status="PASS">
          <reporter-output>
          </reporter-output>
        </test-method> <!-- configBS -->
        <test-method signature="createContactTest()[pri:0, instance:Practice.testng.SampleReportTest@5c44c582]" started-at="2024-08-16T05:18:41Z" name="createContactTest" finished-at="2024-08-16T05:18:47Z" duration-ms="5395" status="PASS">
          <reporter-output>
          </reporter-output>
        </test-method> <!-- createContactTest -->
        <test-method is-config="true" signature="configAS()[pri:0, instance:Practice.testng.SampleReportTest@5c44c582]" started-at="2024-08-16T05:18:47Z" name="configAS" finished-at="2024-08-16T05:18:48Z" duration-ms="609" status="PASS">
          <reporter-output>
          </reporter-output>
        </test-method> <!-- configAS -->
      </class> <!-- Practice.testng.SampleReportTest -->
    </test> <!-- Default test -->
  </suite> <!-- Default suite -->
</testng-results>
